Cache sync 1 at Sun Apr 26 03:48:53 UTC 2026
Cache sync 2 at Sun Apr 26 03:48:53 UTC 2026
Cache sync 3 at Sun Apr 26 03:48:53 UTC 2026
Cache sync 4 at Sun Apr 26 03:48:53 UTC 2026
Cache sync 5 at Sun Apr 26 03:48:53 UTC 2026
Cache sync 6 at Sun Apr 26 03:48:53 UTC 2026
Cache sync 7 at Sun Apr 26 03:48:53 UTC 2026
Cache sync 8 at Sun Apr 26 03:48:53 UTC 2026
Cache sync 9 at Sun Apr 26 03:48:53 UTC 2026
Cache sync 10 at Sun Apr 26 03:48:53 UTC 2026
Cache sync 11 at Sun Apr 26 03:48:53 UTC 2026
Cache sync 12 at Sun Apr 26 03:48:53 UTC 2026
Cache sync 13 at Sun Apr 26 03:48:53 UTC 2026
Cache sync 14 at Sun Apr 26 03:48:53 UTC 2026
Cache sync 15 at Sun Apr 26 03:48:53 UTC 2026
Cache sync 16 at Sun Apr 26 03:48:53 UTC 2026
Cache sync 17 at Sun Apr 26 03:48:53 UTC 2026
Cache sync 18 at Sun Apr 26 03:48:53 UTC 2026
Cache sync 19 at Sun Apr 26 03:48:53 UTC 2026
Cache sync 20 at Sun Apr 26 03:48:53 UTC 2026
Cache sync 21 at Sun Apr 26 03:48:53 UTC 2026
Cache sync 22 at Sun Apr 26 03:48:53 UTC 2026
Cache sync 23 at Sun Apr 26 03:48:53 UTC 2026
Cache sync 24 at Sun Apr 26 03:48:53 UTC 2026
Cache sync 25 at Sun Apr 26 03:48:53 UTC 2026
Cache sync 26 at Sun Apr 26 03:48:53 UTC 2026
Cache sync 27 at Sun Apr 26 03:48:53 UTC 2026
Cache sync 28 at Sun Apr 26 03:48:53 UTC 2026
Cache sync 29 at Sun Apr 26 03:48:53 UTC 2026
Cache sync 30 at Sun Apr 26 03:48:53 UTC 2026
Cache sync 31 at Sun Apr 26 03:48:53 UTC 2026
Cache sync 32 at Sun Apr 26 03:48:53 UTC 2026
Cache sync 33 at Sun Apr 26 03:48:53 UTC 2026
Cache sync 34 at Sun Apr 26 03:48:53 UTC 2026
Cache sync 35 at Sun Apr 26 03:48:53 UTC 2026
Cache sync 36 at Sun Apr 26 03:48:53 UTC 2026
Cache sync 37 at Sun Apr 26 03:48:53 UTC 2026
Cache sync 38 at Sun Apr 26 03:48:53 UTC 2026
Cache sync 39 at Sun Apr 26 03:48:53 UTC 2026
Cache sync 40 at Sun Apr 26 03:48:53 UTC 2026
Cache sync 41 at Sun Apr 26 03:48:53 UTC 2026
Cache sync 42 at Sun Apr 26 03:48:53 UTC 2026
Cache sync 43 at Sun Apr 26 03:48:53 UTC 2026
Cache sync 44 at Sun Apr 26 03:48:53 UTC 2026
Cache sync 45 at Sun Apr 26 03:48:53 UTC 2026
Cache sync 46 at Sun Apr 26 03:48:53 UTC 2026
Cache sync 47 at Sun Apr 26 03:48:53 UTC 2026
Cache sync 48 at Sun Apr 26 03:48:53 UTC 2026
Cache sync 49 at Sun Apr 26 03:48:53 UTC 2026
Cache sync 50 at Sun Apr 26 03:48:53 UTC 2026
Cache sync 51 at Sun Apr 26 03:48:53 UTC 2026
Cache sync 52 at Sun Apr 26 03:48:53 UTC 2026
Cache sync 53 at Sun Apr 26 03:48:53 UTC 2026
Cache sync 54 at Sun Apr 26 03:48:53 UTC 2026
Cache sync 55 at Sun Apr 26 03:48:53 UTC 2026
Cache sync 56 at Sun Apr 26 03:48:53 UTC 2026
Cache sync 57 at Sun Apr 26 03:48:53 UTC 2026
Cache sync 58 at Sun Apr 26 03:48:53 UTC 2026
Cache sync 59 at Sun Apr 26 03:48:53 UTC 2026
Cache sync 60 at Sun Apr 26 03:48:53 UTC 2026
Cache sync 61 at Sun Apr 26 03:48:53 UTC 2026
Cache sync 62 at Sun Apr 26 03:48:53 UTC 2026
Cache sync 63 at Sun Apr 26 03:48:53 UTC 2026
Cache sync 64 at Sun Apr 26 03:48:53 UTC 2026
Cache sync 65 at Sun Apr 26 03:48:53 UTC 2026
Cache sync 66 at Sun Apr 26 03:48:53 UTC 2026
Cache sync 1 at Sun Apr 26 17:48:05 UTC 2026
Cache sync 2 at Sun Apr 26 17:48:05 UTC 2026
Cache sync 3 at Sun Apr 26 17:48:05 UTC 2026
Cache sync 4 at Sun Apr 26 17:48:05 UTC 2026
Cache sync 5 at Sun Apr 26 17:48:05 UTC 2026
Cache sync 6 at Sun Apr 26 17:48:05 UTC 2026
Cache sync 7 at Sun Apr 26 17:48:05 UTC 2026
Cache sync 8 at Sun Apr 26 17:48:05 UTC 2026
Cache sync 9 at Sun Apr 26 17:48:05 UTC 2026
Cache sync 10 at Sun Apr 26 17:48:05 UTC 2026
Cache sync 11 at Sun Apr 26 17:48:05 UTC 2026
Cache sync 12 at Sun Apr 26 17:48:06 UTC 2026
Cache sync 13 at Sun Apr 26 17:48:06 UTC 2026
Cache sync 1 at Mon Apr 27 18:08:39 UTC 2026
Cache sync 2 at Mon Apr 27 18:08:39 UTC 2026
Cache sync 3 at Mon Apr 27 18:08:39 UTC 2026
Cache sync 4 at Mon Apr 27 18:08:39 UTC 2026
Cache sync 5 at Mon Apr 27 18:08:39 UTC 2026
Cache sync 6 at Mon Apr 27 18:08:39 UTC 2026
Cache sync 7 at Mon Apr 27 18:08:39 UTC 2026
Cache sync 8 at Mon Apr 27 18:08:39 UTC 2026
Cache sync 9 at Mon Apr 27 18:08:39 UTC 2026
Cache sync 10 at Mon Apr 27 18:08:39 UTC 2026
Cache sync 11 at Mon Apr 27 18:08:39 UTC 2026
Cache sync 12 at Mon Apr 27 18:08:39 UTC 2026
Cache sync 13 at Mon Apr 27 18:08:39 UTC 2026
Cache sync 14 at Mon Apr 27 18:08:39 UTC 2026
Cache sync 15 at Mon Apr 27 18:08:39 UTC 2026
Cache sync 16 at Mon Apr 27 18:08:39 UTC 2026
Cache sync 17 at Mon Apr 27 18:08:39 UTC 2026
Cache sync 18 at Mon Apr 27 18:08:39 UTC 2026
Cache sync 19 at Mon Apr 27 18:08:39 UTC 2026
Cache sync 20 at Mon Apr 27 18:08:39 UTC 2026
Cache sync 21 at Mon Apr 27 18:08:39 UTC 2026
Cache sync 22 at Mon Apr 27 18:08:39 UTC 2026
Cache sync 23 at Mon Apr 27 18:08:39 UTC 2026
Cache sync 24 at Mon Apr 27 18:08:39 UTC 2026
Cache sync 25 at Mon Apr 27 18:08:39 UTC 2026
Cache sync 26 at Mon Apr 27 18:08:39 UTC 2026
Cache sync 27 at Mon Apr 27 18:08:39 UTC 2026
Cache sync 28 at Mon Apr 27 18:08:39 UTC 2026
Cache sync 29 at Mon Apr 27 18:08:39 UTC 2026
Cache sync 30 at Mon Apr 27 18:08:39 UTC 2026
Cache sync 31 at Mon Apr 27 18:08:39 UTC 2026
Cache sync 32 at Mon Apr 27 18:08:39 UTC 2026
Cache sync 33 at Mon Apr 27 18:08:39 UTC 2026
Cache sync 34 at Mon Apr 27 18:08:39 UTC 2026
Cache sync 35 at Mon Apr 27 18:08:39 UTC 2026
Cache sync 36 at Mon Apr 27 18:08:39 UTC 2026
Cache sync 37 at Mon Apr 27 18:08:39 UTC 2026
Cache sync 38 at Mon Apr 27 18:08:39 UTC 2026
Cache sync 39 at Mon Apr 27 18:08:39 UTC 2026
Cache sync 40 at Mon Apr 27 18:08:39 UTC 2026
Cache sync 41 at Mon Apr 27 18:08:39 UTC 2026
Cache sync 42 at Mon Apr 27 18:08:39 UTC 2026
Cache sync 43 at Mon Apr 27 18:08:39 UTC 2026
Cache sync 44 at Mon Apr 27 18:08:39 UTC 2026
Cache sync 45 at Mon Apr 27 18:08:39 UTC 2026
Cache sync 46 at Mon Apr 27 18:08:39 UTC 2026
Cache sync 47 at Mon Apr 27 18:08:39 UTC 2026
Cache sync 48 at Mon Apr 27 18:08:39 UTC 2026
Cache sync 49 at Mon Apr 27 18:08:39 UTC 2026
Cache sync 50 at Mon Apr 27 18:08:39 UTC 2026
Cache sync 51 at Mon Apr 27 18:08:39 UTC 2026
Cache sync 52 at Mon Apr 27 18:08:39 UTC 2026
Cache sync 53 at Mon Apr 27 18:08:39 UTC 2026
Cache sync 54 at Mon Apr 27 18:08:39 UTC 2026
Cache sync 55 at Mon Apr 27 18:08:39 UTC 2026
Cache sync 56 at Mon Apr 27 18:08:39 UTC 2026
Cache sync 1 at Tue Apr 28 18:21:41 UTC 2026
Cache sync 2 at Tue Apr 28 18:21:41 UTC 2026
Cache sync 3 at Tue Apr 28 18:21:41 UTC 2026
Cache sync 4 at Tue Apr 28 18:21:41 UTC 2026
Cache sync 5 at Tue Apr 28 18:21:41 UTC 2026
Cache sync 6 at Tue Apr 28 18:21:41 UTC 2026
Cache sync 7 at Tue Apr 28 18:21:41 UTC 2026
Cache sync 8 at Tue Apr 28 18:21:41 UTC 2026
Cache sync 9 at Tue Apr 28 18:21:41 UTC 2026
Cache sync 10 at Tue Apr 28 18:21:41 UTC 2026
Cache sync 11 at Tue Apr 28 18:21:41 UTC 2026
Cache sync 12 at Tue Apr 28 18:21:41 UTC 2026
Cache sync 13 at Tue Apr 28 18:21:41 UTC 2026
Cache sync 14 at Tue Apr 28 18:21:41 UTC 2026
Cache sync 15 at Tue Apr 28 18:21:41 UTC 2026
Cache sync 16 at Tue Apr 28 18:21:41 UTC 2026
Cache sync 17 at Tue Apr 28 18:21:41 UTC 2026
Cache sync 18 at Tue Apr 28 18:21:41 UTC 2026
Cache sync 19 at Tue Apr 28 18:21:41 UTC 2026
Cache sync 20 at Tue Apr 28 18:21:41 UTC 2026
Cache sync 21 at Tue Apr 28 18:21:41 UTC 2026
Cache sync 22 at Tue Apr 28 18:21:41 UTC 2026
Cache sync 23 at Tue Apr 28 18:21:41 UTC 2026
Cache sync 24 at Tue Apr 28 18:21:42 UTC 2026
Cache sync 25 at Tue Apr 28 18:21:42 UTC 2026
Cache sync 26 at Tue Apr 28 18:21:42 UTC 2026
Cache sync 27 at Tue Apr 28 18:21:42 UTC 2026
Cache sync 28 at Tue Apr 28 18:21:42 UTC 2026
Cache sync 29 at Tue Apr 28 18:21:42 UTC 2026
Cache sync 30 at Tue Apr 28 18:21:42 UTC 2026
Cache sync 31 at Tue Apr 28 18:21:42 UTC 2026
Cache sync 32 at Tue Apr 28 18:21:42 UTC 2026
Cache sync 33 at Tue Apr 28 18:21:42 UTC 2026
Cache sync 34 at Tue Apr 28 18:21:42 UTC 2026
Cache sync 35 at Tue Apr 28 18:21:42 UTC 2026
Cache sync 36 at Tue Apr 28 18:21:42 UTC 2026
Cache sync 37 at Tue Apr 28 18:21:42 UTC 2026
Cache sync 38 at Tue Apr 28 18:21:42 UTC 2026
Cache sync 39 at Tue Apr 28 18:21:42 UTC 2026
Cache sync 40 at Tue Apr 28 18:21:42 UTC 2026
Cache sync 41 at Tue Apr 28 18:21:42 UTC 2026
Cache sync 42 at Tue Apr 28 18:21:42 UTC 2026
Cache sync 43 at Tue Apr 28 18:21:42 UTC 2026
Cache sync 44 at Tue Apr 28 18:21:42 UTC 2026
Cache sync 45 at Tue Apr 28 18:21:42 UTC 2026
Cache sync 46 at Tue Apr 28 18:21:42 UTC 2026
Cache sync 47 at Tue Apr 28 18:21:42 UTC 2026
Cache sync 48 at Tue Apr 28 18:21:42 UTC 2026
Cache sync 49 at Tue Apr 28 18:21:42 UTC 2026
Cache sync 50 at Tue Apr 28 18:21:42 UTC 2026
Cache sync 51 at Tue Apr 28 18:21:42 UTC 2026
Cache sync 52 at Tue Apr 28 18:21:42 UTC 2026
Cache sync 53 at Tue Apr 28 18:21:42 UTC 2026
Cache sync 54 at Tue Apr 28 18:21:42 UTC 2026
Cache sync 55 at Tue Apr 28 18:21:42 UTC 2026
Cache sync 56 at Tue Apr 28 18:21:42 UTC 2026
Cache sync 57 at Tue Apr 28 18:21:42 UTC 2026
Cache sync 58 at Tue Apr 28 18:21:42 UTC 2026
Cache sync 59 at Tue Apr 28 18:21:42 UTC 2026
Cache sync 60 at Tue Apr 28 18:21:42 UTC 2026
Cache sync 61 at Tue Apr 28 18:21:42 UTC 2026
Cache sync 62 at Tue Apr 28 18:21:42 UTC 2026
Cache sync 63 at Tue Apr 28 18:21:42 UTC 2026
Cache sync 64 at Tue Apr 28 18:21:42 UTC 2026
Cache sync 65 at Tue Apr 28 18:21:42 UTC 2026
Cache sync 1 at Fri May  1 18:03:36 UTC 2026
Cache sync 2 at Fri May  1 18:03:36 UTC 2026
Cache sync 3 at Fri May  1 18:03:36 UTC 2026
Cache sync 4 at Fri May  1 18:03:36 UTC 2026
Cache sync 5 at Fri May  1 18:03:36 UTC 2026
Cache sync 6 at Fri May  1 18:03:36 UTC 2026
Cache sync 7 at Fri May  1 18:03:36 UTC 2026
Cache sync 8 at Fri May  1 18:03:36 UTC 2026
Cache sync 9 at Fri May  1 18:03:36 UTC 2026
Cache sync 10 at Fri May  1 18:03:36 UTC 2026
Cache sync 11 at Fri May  1 18:03:36 UTC 2026
Cache sync 12 at Fri May  1 18:03:36 UTC 2026
Cache sync 13 at Fri May  1 18:03:36 UTC 2026
Cache sync 14 at Fri May  1 18:03:36 UTC 2026
Cache sync 15 at Fri May  1 18:03:36 UTC 2026
Cache sync 16 at Fri May  1 18:03:36 UTC 2026
Cache sync 17 at Fri May  1 18:03:36 UTC 2026
Cache sync 18 at Fri May  1 18:03:36 UTC 2026
Cache sync 19 at Fri May  1 18:03:36 UTC 2026
Cache sync 20 at Fri May  1 18:03:36 UTC 2026
Cache sync 21 at Fri May  1 18:03:36 UTC 2026
Cache sync 22 at Fri May  1 18:03:36 UTC 2026
Cache sync 23 at Fri May  1 18:03:36 UTC 2026
Cache sync 24 at Fri May  1 18:03:36 UTC 2026
Cache sync 25 at Fri May  1 18:03:36 UTC 2026
Cache sync 26 at Fri May  1 18:03:36 UTC 2026
Cache sync 27 at Fri May  1 18:03:36 UTC 2026
Cache sync 28 at Fri May  1 18:03:36 UTC 2026
Cache sync 29 at Fri May  1 18:03:36 UTC 2026
Cache sync 30 at Fri May  1 18:03:36 UTC 2026
Cache sync 31 at Fri May  1 18:03:36 UTC 2026
Cache sync 32 at Fri May  1 18:03:36 UTC 2026
Cache sync 33 at Fri May  1 18:03:36 UTC 2026
Cache sync 34 at Fri May  1 18:03:36 UTC 2026
Cache sync 35 at Fri May  1 18:03:36 UTC 2026
Cache sync 36 at Fri May  1 18:03:36 UTC 2026
Cache sync 37 at Fri May  1 18:03:36 UTC 2026
Cache sync 38 at Fri May  1 18:03:36 UTC 2026
Cache sync 39 at Fri May  1 18:03:36 UTC 2026
Cache sync 40 at Fri May  1 18:03:36 UTC 2026
Cache sync 41 at Fri May  1 18:03:36 UTC 2026
Cache sync 42 at Fri May  1 18:03:36 UTC 2026
Cache sync 43 at Fri May  1 18:03:36 UTC 2026
Cache sync 44 at Fri May  1 18:03:36 UTC 2026
Cache sync 45 at Fri May  1 18:03:36 UTC 2026
Cache sync 46 at Fri May  1 18:03:36 UTC 2026
Cache sync 47 at Fri May  1 18:03:37 UTC 2026
Cache sync 48 at Fri May  1 18:03:37 UTC 2026
Cache sync 49 at Fri May  1 18:03:37 UTC 2026
Cache sync 50 at Fri May  1 18:03:37 UTC 2026
Cache sync 51 at Fri May  1 18:03:37 UTC 2026
Cache sync 52 at Fri May  1 18:03:37 UTC 2026
Cache sync 53 at Fri May  1 18:03:37 UTC 2026
Cache sync 54 at Fri May  1 18:03:37 UTC 2026
Cache sync 55 at Fri May  1 18:03:37 UTC 2026
Cache sync 56 at Fri May  1 18:03:37 UTC 2026
Cache sync 57 at Fri May  1 18:03:37 UTC 2026
Cache sync 58 at Fri May  1 18:03:37 UTC 2026
Cache sync 59 at Fri May  1 18:03:37 UTC 2026
Cache sync 60 at Fri May  1 18:03:37 UTC 2026
Cache sync 61 at Fri May  1 18:03:37 UTC 2026
Cache sync 62 at Fri May  1 18:03:37 UTC 2026
Cache sync 63 at Fri May  1 18:03:37 UTC 2026
Cache sync 64 at Fri May  1 18:03:37 UTC 2026
Cache sync 65 at Fri May  1 18:03:37 UTC 2026
Cache sync 66 at Fri May  1 18:03:37 UTC 2026
Cache sync 67 at Fri May  1 18:03:37 UTC 2026
Cache sync 68 at Fri May  1 18:03:37 UTC 2026
Cache sync 69 at Fri May  1 18:03:37 UTC 2026
Cache sync 70 at Fri May  1 18:03:37 UTC 2026
Cache sync 71 at Fri May  1 18:03:37 UTC 2026
Cache sync 72 at Fri May  1 18:03:37 UTC 2026
Cache sync 73 at Fri May  1 18:03:37 UTC 2026
Cache sync 1 at Sat May  2 17:51:27 UTC 2026
Cache sync 2 at Sat May  2 17:51:27 UTC 2026
Cache sync 3 at Sat May  2 17:51:27 UTC 2026
Cache sync 4 at Sat May  2 17:51:27 UTC 2026
Cache sync 5 at Sat May  2 17:51:27 UTC 2026
Cache sync 6 at Sat May  2 17:51:27 UTC 2026
Cache sync 7 at Sat May  2 17:51:27 UTC 2026
Cache sync 8 at Sat May  2 17:51:27 UTC 2026
Cache sync 9 at Sat May  2 17:51:27 UTC 2026
Cache sync 10 at Sat May  2 17:51:27 UTC 2026
Cache sync 11 at Sat May  2 17:51:27 UTC 2026
Cache sync 12 at Sat May  2 17:51:27 UTC 2026
Cache sync 13 at Sat May  2 17:51:27 UTC 2026
Cache sync 14 at Sat May  2 17:51:27 UTC 2026
Cache sync 15 at Sat May  2 17:51:27 UTC 2026
Cache sync 16 at Sat May  2 17:51:27 UTC 2026
Cache sync 17 at Sat May  2 17:51:27 UTC 2026
Cache sync 18 at Sat May  2 17:51:27 UTC 2026
Cache sync 19 at Sat May  2 17:51:27 UTC 2026
Cache sync 20 at Sat May  2 17:51:27 UTC 2026
Cache sync 21 at Sat May  2 17:51:27 UTC 2026
Cache sync 22 at Sat May  2 17:51:27 UTC 2026
Cache sync 23 at Sat May  2 17:51:27 UTC 2026
Cache sync 24 at Sat May  2 17:51:27 UTC 2026
Cache sync 25 at Sat May  2 17:51:27 UTC 2026
Cache sync 1 at Sun May  3 17:51:47 UTC 2026
Cache sync 2 at Sun May  3 17:51:47 UTC 2026
Cache sync 3 at Sun May  3 17:51:47 UTC 2026
Cache sync 4 at Sun May  3 17:51:47 UTC 2026
Cache sync 5 at Sun May  3 17:51:47 UTC 2026
Cache sync 6 at Sun May  3 17:51:47 UTC 2026
Cache sync 7 at Sun May  3 17:51:47 UTC 2026
Cache sync 8 at Sun May  3 17:51:47 UTC 2026
Cache sync 9 at Sun May  3 17:51:47 UTC 2026
Cache sync 10 at Sun May  3 17:51:47 UTC 2026
Cache sync 11 at Sun May  3 17:51:47 UTC 2026
Cache sync 12 at Sun May  3 17:51:47 UTC 2026
Cache sync 13 at Sun May  3 17:51:47 UTC 2026
Cache sync 14 at Sun May  3 17:51:47 UTC 2026
Cache sync 15 at Sun May  3 17:51:47 UTC 2026
Cache sync 16 at Sun May  3 17:51:47 UTC 2026
Cache sync 17 at Sun May  3 17:51:47 UTC 2026
Cache sync 1 at Mon May  4 18:20:24 UTC 2026
Cache sync 2 at Mon May  4 18:20:24 UTC 2026
Cache sync 3 at Mon May  4 18:20:24 UTC 2026
Cache sync 4 at Mon May  4 18:20:24 UTC 2026
Cache sync 5 at Mon May  4 18:20:24 UTC 2026
Cache sync 6 at Mon May  4 18:20:24 UTC 2026
Cache sync 7 at Mon May  4 18:20:24 UTC 2026
Cache sync 8 at Mon May  4 18:20:24 UTC 2026
Cache sync 9 at Mon May  4 18:20:24 UTC 2026
Cache sync 10 at Mon May  4 18:20:24 UTC 2026
Cache sync 11 at Mon May  4 18:20:24 UTC 2026
Cache sync 12 at Mon May  4 18:20:24 UTC 2026
Cache sync 13 at Mon May  4 18:20:24 UTC 2026
Cache sync 14 at Mon May  4 18:20:24 UTC 2026
Cache sync 15 at Mon May  4 18:20:24 UTC 2026
Cache sync 16 at Mon May  4 18:20:24 UTC 2026
Cache sync 17 at Mon May  4 18:20:24 UTC 2026
Cache sync 18 at Mon May  4 18:20:24 UTC 2026
Cache sync 19 at Mon May  4 18:20:24 UTC 2026
Cache sync 20 at Mon May  4 18:20:24 UTC 2026
Cache sync 21 at Mon May  4 18:20:24 UTC 2026
Cache sync 22 at Mon May  4 18:20:24 UTC 2026
Cache sync 23 at Mon May  4 18:20:24 UTC 2026
Cache sync 24 at Mon May  4 18:20:24 UTC 2026
Cache sync 25 at Mon May  4 18:20:24 UTC 2026
